{"timestamp":"2026-06-14 18:20:26","level":"INFO","logger":"org.hibernate.validator.internal.util.Version","message":"HV000001: Hibernate Validator 8.0.2.Final"}{"timestamp":"2026-06-14 18:20:26","level":"INFO","logger":"com.eazybytes.jobportal.JobportalApplication","message":"Starting JobportalApplication using Java 22.0.1 with PID 12592 (C:\Users\Gayatri Chouhan\OneDrive\Desktop\jobportal\jobportal-backend\target\classes started by Gayatri Chouhan in C:\Users\Gayatri Chouhan\OneDrive\Desktop\jobportal\jobportal-backend)"}{"timestamp":"2026-06-14 18:20:26","level":"INFO","logger":"com.eazybytes.jobportal.JobportalApplication","message":"No active profile set, falling back to 1 default profile: "default""}{"timestamp":"2026-06-14 18:20:26","level":"INFO","logger":"org.springframework.boot.devtools.env.DevToolsPropertyDefaultsPostProcessor","message":"Devtools property defaults active! Set 'spring.devtools.add-properties' to 'false' to disable"}{"timestamp":"2026-06-14 18:20:26","level":"INFO","logger":"org.springframework.boot.devtools.env.DevToolsPropertyDefaultsPostProcessor","message":"For additional web related logging consider setting the 'logging.level.web' property to 'DEBUG'"}{"timestamp":"2026-06-14 18:20:26","level":"INFO","logger":"com.eazybytes.jobportal.JobportalApplication","message":"Starting JobportalApplication using Java 22.0.1 with PID 22516 (C:\Users\Gayatri Chouhan\OneDrive\Desktop\jobportal\jobportal-backend\target\classes started by Gayatri Chouhan in C:\Users\Gayatri Chouhan\OneDrive\Desktop\jobportal\jobportal-backend)"}{"timestamp":"2026-06-14 18:20:26","level":"INFO","logger":"com.eazybytes.jobportal.JobportalApplication","message":"No active profile set, falling back to 1 default profile: "default""}{"timestamp":"2026-06-14 18:20:27","level":"INFO","logger":"org.springframework.data.repository.config.RepositoryConfigurationDelegate","message":"Bootstrapping Spring Data JPA repositories in DEFAULT mode."}{"timestamp":"2026-06-14 18:20:27","level":"INFO","logger":"org.springframework.data.repository.config.RepositoryConfigurationDelegate","message":"Finished Spring Data repository scanning in 85 ms. Found 4 JPA repository interfaces."}{"timestamp":"2026-06-14 18:20:28","level":"INFO","logger":"org.springframework.boot.web.embedded.tomcat.TomcatWebServer","message":"Tomcat initialized with port 8080 (http)"}{"timestamp":"2026-06-14 18:20:28","level":"INFO","logger":"org.apache.catalina.core.StandardService","message":"Starting service [Tomcat]"}{"timestamp":"2026-06-14 18:20:28","level":"INFO","logger":"org.apache.catalina.core.StandardEngine","message":"Starting Servlet engine: [Apache Tomcat/10.1.43]"}{"timestamp":"2026-06-14 18:20:28","level":"INFO","logger":"org.apache.catalina.core.ContainerBase.[Tomcat].[localhost].[/]","message":"Initializing Spring embedded WebApplicationContext"}{"timestamp":"2026-06-14 18:20:28","level":"INFO","logger":"org.springframework.boot.web.servlet.context.ServletWebServerApplicationContext","message":"Root WebApplicationContext: initialization completed in 1441 ms"}{"timestamp":"2026-06-14 18:20:28","level":"INFO","logger":"com.zaxxer.hikari.HikariDataSource","message":"HikariPool-2 - Starting..."}{"timestamp":"2026-06-14 18:20:28","level":"INFO","logger":"org.springframework.data.repository.config.RepositoryConfigurationDelegate","message":"Bootstrapping Spring Data JPA repositories in DEFAULT mode."}{"timestamp":"2026-06-14 18:20:28","level":"INFO","logger":"com.zaxxer.hikari.pool.HikariPool","message":"HikariPool-2 - Added connection com.mysql.cj.jdbc.ConnectionImpl@436dc97b"}{"timestamp":"2026-06-14 18:20:28","level":"INFO","logger":"com.zaxxer.hikari.HikariDataSource","message":"HikariPool-2 - Start completed."}{"timestamp":"2026-06-14 18:20:28","level":"INFO","logger":"org.hibernate.jpa.internal.util.LogHelper","message":"HHH000204: Processing PersistenceUnitInfo [name: default]"}{"timestamp":"2026-06-14 18:20:28","level":"INFO","logger":"org.hibernate.cache.internal.RegionFactoryInitiator","message":"HHH000026: Second-level cache disabled"}{"timestamp":"2026-06-14 18:20:28","level":"INFO","logger":"org.springframework.orm.jpa.persistenceunit.SpringPersistenceUnitInfo","message":"No LoadTimeWeaver setup: ignoring JPA class transformer"}{"timestamp":"2026-06-14 18:20:28","level":"INFO","logger":"org.hibernate.orm.connections.pooling","message":"HHH10001005: Database info:
	Database JDBC URL [Connecting through datasource 'HikariDataSource (HikariPool-2)']
	Database driver: undefined/unknown
	Database version: 8.0.40
	Autocommit mode: undefined/unknown
	Isolation level: undefined/unknown
	Minimum pool size: undefined/unknown
	Maximum pool size: undefined/unknown"}{"timestamp":"2026-06-14 18:20:28","level":"INFO","logger":"org.springframework.data.repository.config.RepositoryConfigurationDelegate","message":"Finished Spring Data repository scanning in 307 ms. Found 4 JPA repository interfaces."}{"timestamp":"2026-06-14 18:20:29","level":"INFO","logger":"org.hibernate.engine.transaction.jta.platform.internal.JtaPlatformInitiator","message":"HHH000489: No JTA platform available (set 'hibernate.transaction.jta.platform' to enable JTA platform integration)"}{"timestamp":"2026-06-14 18:20:29","level":"INFO","logger":"org.springframework.orm.jpa.LocalContainerEntityManagerFactoryBean","message":"Initialized JPA EntityManagerFactory for persistence unit 'default'"}{"timestamp":"2026-06-14 18:20:29","level":"WARN","logger":"org.springframework.boot.autoconfigure.orm.jpa.JpaBaseConfiguration$JpaWebConfiguration","message":"spring.jpa.open-in-view is enabled by default. Therefore, database queries may be performed during view rendering. Explicitly configure spring.jpa.open-in-view to disable this warning"}{"timestamp":"2026-06-14 18:20:29","level":"TRACE","logger":"org.springframework.web.servlet.mvc.method.annotation.RequestMappingHandlerMapping","message":"
	c.e.j.a.AuthController:
	{POST [/auth/register/public]}: registerUser(RegisterRequestDto)
	{POST [/auth/login/public]}: apiLogin(LoginRequestDto)"}{"timestamp":"2026-06-14 18:20:29","level":"TRACE","logger":"org.springframework.web.servlet.mvc.method.annotation.RequestMappingHandlerMapping","message":"
	c.e.j.c.c.CompanyController:
	{GET [/companies/public]}: getAllCompanies()"}{"timestamp":"2026-06-14 18:20:29","level":"TRACE","logger":"org.springframework.web.servlet.mvc.method.annotation.RequestMappingHandlerMapping","message":"
	c.e.j.c.c.LoggingController:
	{GET [/logging/public]}: testLogging()"}{"timestamp":"2026-06-14 18:20:29","level":"TRACE","logger":"org.springframework.web.servlet.mvc.method.annotation.RequestMappingHandlerMapping","message":"
	c.e.j.c.c.ContactController:
	{POST [/contacts/public]}: saveContactMsg(ContactRequestDto)"}{"timestamp":"2026-06-14 18:20:29","level":"TRACE","logger":"org.springframework.web.servlet.mvc.method.annotation.RequestMappingHandlerMapping","message":"
	c.e.j.s.ScopeController:
	{GET [/scope/request]}: testRequestScope()
	{GET [/scope/session]}: testSessionScope()
	{GET [/scope/application]}: testApplicationScope()
	{GET [/scope/test]}: testScope()"}{"timestamp":"2026-06-14 18:20:29","level":"TRACE","logger":"org.springframework.web.servlet.mvc.method.annotation.RequestMappingHandlerMapping","message":"
	c.e.j.s.CsrfController:
	{GET [/csrf-token/public]}: csrfToken(HttpServletRequest)"}{"timestamp":"2026-06-14 18:20:29","level":"TRACE","logger":"org.springframework.web.servlet.mvc.method.annotation.RequestMappingHandlerMapping","message":"
	o.s.b.a.w.s.e.BasicErrorController:
	{ [/error]}: error(HttpServletRequest)
	{ [/error], produces [text/html]}: errorHtml(HttpServletRequest,HttpServletResponse)"}{"timestamp":"2026-06-14 18:20:29","level":"TRACE","logger":"org.springframework.web.servlet.mvc.method.annotation.RequestMappingHandlerMapping","message":"
	o.s.w.a.OpenApiWebMvcResource:
	{GET [/v3/api-docs.yaml], produces [application/vnd.oai.openapi]}: openapiYaml(HttpServletRequest,String,Locale)
	{GET [/v3/api-docs], produces [application/json]}: openapiJson(HttpServletRequest,String,Locale)"}{"timestamp":"2026-06-14 18:20:29","level":"TRACE","logger":"org.springframework.web.servlet.mvc.method.annotation.RequestMappingHandlerMapping","message":"
	o.s.w.u.SwaggerWelcomeWebMvc:
	{GET [/swagger-ui.html]}: redirectToUi(HttpServletRequest)"}{"timestamp":"2026-06-14 18:20:29","level":"TRACE","logger":"org.springframework.web.servlet.mvc.method.annotation.RequestMappingHandlerMapping","message":"
	o.s.w.u.SwaggerConfigResource:
	{GET [/v3/api-docs/swagger-config], produces [application/json]}: openapiJson(HttpServletRequest)"}{"timestamp":"2026-06-14 18:20:29","level":"DEBUG","logger":"org.springframework.web.servlet.mvc.method.annotation.RequestMappingHandlerMapping","message":"16 mappings in 'requestMappingHandlerMapping'"}{"timestamp":"2026-06-14 18:20:30","level":"DEBUG","logger":"org.springframework.web.servlet.handler.SimpleUrlHandlerMapping","message":"Patterns [/webjars/**, /**, /swagger-ui*/*swagger-initializer.js, /swagger-ui*/**] in 'resourceHandlerMapping'"}{"timestamp":"2026-06-14 18:20:30","level":"INFO","logger":"org.springframework.security.config.annotation.authentication.configuration.InitializeAuthenticationProviderBeanManagerConfigurer$InitializeAuthenticationProviderManagerConfigurer","message":"Global AuthenticationManager configured with AuthenticationProvider bean with name jobPortalUsernamePwdAuthenticationProvider"}{"timestamp":"2026-06-14 18:20:30","level":"DEBUG","logger":"org.springframework.web.servlet.mvc.method.annotation.RequestMappingHandlerAdapter","message":"ControllerAdvice beans: 0 @ModelAttribute, 0 @InitBinder, 1 RequestBodyAdvice, 1 ResponseBodyAdvice"}{"timestamp":"2026-06-14 18:20:30","level":"DEBUG","logger":"org.springframework.web.servlet.mvc.method.annotation.ExceptionHandlerExceptionResolver","message":"ControllerAdvice beans: 2 @ExceptionHandler, 1 ResponseBodyAdvice"}{"timestamp":"2026-06-14 18:20:30","level":"INFO","logger":"org.springframework.boot.devtools.autoconfigure.OptionalLiveReloadServer","message":"LiveReload server is running on port 35729"}{"timestamp":"2026-06-14 18:20:30","level":"INFO","logger":"org.springframework.boot.web.embedded.tomcat.TomcatWebServer","message":"Tomcat started on port 8080 (http) with context path '/'"}{"timestamp":"2026-06-14 18:20:30","level":"INFO","logger":"com.eazybytes.jobportal.JobportalApplication","message":"Started JobportalApplication in 4.01 seconds (process running for 944.702)"}{"timestamp":"2026-06-14 18:20:30","level":"INFO","logger":"org.springframework.boot.devtools.autoconfigure.ConditionEvaluationDeltaLoggingListener","message":"Condition evaluation unchanged"}{"timestamp":"2026-06-14 18:20:30","level":"INFO","logger":"org.springframework.boot.web.embedded.tomcat.TomcatWebServer","message":"Tomcat initialized with port 8080 (http)"}{"timestamp":"2026-06-14 18:20:30","level":"INFO","logger":"org.apache.coyote.http11.Http11NioProtocol","message":"Initializing ProtocolHandler ["http-nio-8080"]"}{"timestamp":"2026-06-14 18:20:30","level":"INFO","logger":"org.apache.catalina.core.StandardService","message":"Starting service [Tomcat]"}{"timestamp":"2026-06-14 18:20:30","level":"INFO","logger":"org.apache.catalina.core.StandardEngine","message":"Starting Servlet engine: [Apache Tomcat/10.1.43]"}{"timestamp":"2026-06-14 18:20:31","level":"INFO","logger":"org.apache.catalina.core.ContainerBase.[Tomcat].[localhost].[/]","message":"Initializing Spring embedded WebApplicationContext"}{"timestamp":"2026-06-14 18:20:31","level":"INFO","logger":"org.springframework.boot.web.servlet.context.ServletWebServerApplicationContext","message":"Root WebApplicationContext: initialization completed in 4660 ms"}{"timestamp":"2026-06-14 18:20:31","level":"INFO","logger":"com.zaxxer.hikari.HikariDataSource","message":"HikariPool-1 - Starting..."}{"timestamp":"2026-06-14 18:20:32","level":"INFO","logger":"com.zaxxer.hikari.pool.HikariPool","message":"HikariPool-1 - Added connection com.mysql.cj.jdbc.ConnectionImpl@f46c0a"}{"timestamp":"2026-06-14 18:20:32","level":"INFO","logger":"com.zaxxer.hikari.HikariDataSource","message":"HikariPool-1 - Start completed."}{"timestamp":"2026-06-14 18:20:32","level":"INFO","logger":"org.hibernate.jpa.internal.util.LogHelper","message":"HHH000204: Processing PersistenceUnitInfo [name: default]"}{"timestamp":"2026-06-14 18:20:32","level":"INFO","logger":"org.hibernate.Version","message":"HHH000412: Hibernate ORM core version 6.6.22.Final"}{"timestamp":"2026-06-14 18:20:33","level":"INFO","logger":"org.hibernate.cache.internal.RegionFactoryInitiator","message":"HHH000026: Second-level cache disabled"}{"timestamp":"2026-06-14 18:20:33","level":"INFO","logger":"org.springframework.orm.jpa.persistenceunit.SpringPersistenceUnitInfo","message":"No LoadTimeWeaver setup: ignoring JPA class transformer"}{"timestamp":"2026-06-14 18:20:34","level":"INFO","logger":"org.hibernate.orm.connections.pooling","message":"HHH10001005: Database info:
	Database JDBC URL [Connecting through datasource 'HikariDataSource (HikariPool-1)']
	Database driver: undefined/unknown
	Database version: 8.0.40
	Autocommit mode: undefined/unknown
	Isolation level: undefined/unknown
	Minimum pool size: undefined/unknown
	Maximum pool size: undefined/unknown"}{"timestamp":"2026-06-14 18:20:37","level":"INFO","logger":"org.hibernate.engine.transaction.jta.platform.internal.JtaPlatformInitiator","message":"HHH000489: No JTA platform available (set 'hibernate.transaction.jta.platform' to enable JTA platform integration)"}{"timestamp":"2026-06-14 18:20:37","level":"INFO","logger":"org.springframework.orm.jpa.LocalContainerEntityManagerFactoryBean","message":"Initialized JPA EntityManagerFactory for persistence unit 'default'"}{"timestamp":"2026-06-14 18:20:38","level":"WARN","logger":"org.springframework.boot.autoconfigure.orm.jpa.JpaBaseConfiguration$JpaWebConfiguration","message":"spring.jpa.open-in-view is enabled by default. Therefore, database queries may be performed during view rendering. Explicitly configure spring.jpa.open-in-view to disable this warning"}{"timestamp":"2026-06-14 18:20:38","level":"TRACE","logger":"org.springframework.web.servlet.mvc.method.annotation.RequestMappingHandlerMapping","message":"
	c.e.j.a.AuthController:
	{POST [/auth/login/public]}: apiLogin(LoginRequestDto)
	{POST [/auth/register/public]}: registerUser(RegisterRequestDto)"}{"timestamp":"2026-06-14 18:20:38","level":"TRACE","logger":"org.springframework.web.servlet.mvc.method.annotation.RequestMappingHandlerMapping","message":"
	c.e.j.c.c.CompanyController:
	{GET [/companies/public]}: getAllCompanies()"}{"timestamp":"2026-06-14 18:20:38","level":"TRACE","logger":"org.springframework.web.servlet.mvc.method.annotation.RequestMappingHandlerMapping","message":"
	c.e.j.c.c.LoggingController:
	{GET [/logging/public]}: testLogging()"}{"timestamp":"2026-06-14 18:20:38","level":"TRACE","logger":"org.springframework.web.servlet.mvc.method.annotation.RequestMappingHandlerMapping","message":"
	c.e.j.c.c.ContactController:
	{POST [/contacts/public]}: saveContactMsg(ContactRequestDto)"}{"timestamp":"2026-06-14 18:20:38","level":"TRACE","logger":"org.springframework.web.servlet.mvc.method.annotation.RequestMappingHandlerMapping","message":"
	c.e.j.s.ScopeController:
	{GET [/scope/session]}: testSessionScope()
	{GET [/scope/request]}: testRequestScope()
	{GET [/scope/test]}: testScope()
	{GET [/scope/application]}: testApplicationScope()"}{"timestamp":"2026-06-14 18:20:38","level":"TRACE","logger":"org.springframework.web.servlet.mvc.method.annotation.RequestMappingHandlerMapping","message":"
	c.e.j.s.CsrfController:
	{GET [/csrf-token/public]}: csrfToken(HttpServletRequest)"}{"timestamp":"2026-06-14 18:20:38","level":"TRACE","logger":"org.springframework.web.servlet.mvc.method.annotation.RequestMappingHandlerMapping","message":"
	o.s.b.a.w.s.e.BasicErrorController:
	{ [/error]}: error(HttpServletRequest)
	{ [/error], produces [text/html]}: errorHtml(HttpServletRequest,HttpServletResponse)"}{"timestamp":"2026-06-14 18:20:38","level":"TRACE","logger":"org.springframework.web.servlet.mvc.method.annotation.RequestMappingHandlerMapping","message":"
	o.s.w.a.OpenApiWebMvcResource:
	{GET [/v3/api-docs.yaml], produces [application/vnd.oai.openapi]}: openapiYaml(HttpServletRequest,String,Locale)
	{GET [/v3/api-docs], produces [application/json]}: openapiJson(HttpServletRequest,String,Locale)"}{"timestamp":"2026-06-14 18:20:38","level":"TRACE","logger":"org.springframework.web.servlet.mvc.method.annotation.RequestMappingHandlerMapping","message":"
	o.s.w.u.SwaggerWelcomeWebMvc:
	{GET [/swagger-ui.html]}: redirectToUi(HttpServletRequest)"}{"timestamp":"2026-06-14 18:20:38","level":"TRACE","logger":"org.springframework.web.servlet.mvc.method.annotation.RequestMappingHandlerMapping","message":"
	o.s.w.u.SwaggerConfigResource:
	{GET [/v3/api-docs/swagger-config], produces [application/json]}: openapiJson(HttpServletRequest)"}{"timestamp":"2026-06-14 18:20:38","level":"DEBUG","logger":"org.springframework.web.servlet.mvc.method.annotation.RequestMappingHandlerMapping","message":"16 mappings in 'requestMappingHandlerMapping'"}{"timestamp":"2026-06-14 18:20:39","level":"DEBUG","logger":"org.springframework.web.servlet.handler.SimpleUrlHandlerMapping","message":"Patterns [/webjars/**, /**, /swagger-ui*/*swagger-initializer.js, /swagger-ui*/**] in 'resourceHandlerMapping'"}{"timestamp":"2026-06-14 18:20:39","level":"INFO","logger":"org.springframework.security.config.annotation.authentication.configuration.InitializeAuthenticationProviderBeanManagerConfigurer$InitializeAuthenticationProviderManagerConfigurer","message":"Global AuthenticationManager configured with AuthenticationProvider bean with name jobPortalUsernamePwdAuthenticationProvider"}{"timestamp":"2026-06-14 18:20:39","level":"DEBUG","logger":"org.springframework.web.servlet.mvc.method.annotation.RequestMappingHandlerAdapter","message":"ControllerAdvice beans: 0 @ModelAttribute, 0 @InitBinder, 1 RequestBodyAdvice, 1 ResponseBodyAdvice"}{"timestamp":"2026-06-14 18:20:39","level":"DEBUG","logger":"org.springframework.web.servlet.mvc.method.annotation.ExceptionHandlerExceptionResolver","message":"ControllerAdvice beans: 2 @ExceptionHandler, 1 ResponseBodyAdvice"}{"timestamp":"2026-06-14 18:20:40","level":"WARN","logger":"org.springframework.boot.devtools.autoconfigure.OptionalLiveReloadServer","message":"Unable to start LiveReload server"}{"timestamp":"2026-06-14 18:20:40","level":"INFO","logger":"org.apache.coyote.http11.Http11NioProtocol","message":"Starting ProtocolHandler ["http-nio-8080"]"}{"timestamp":"2026-06-14 18:20:40","level":"WARN","logger":"org.springframework.boot.web.servlet.context.AnnotationConfigServletWebServerApplicationContext","message":"Exception encountered during context initialization - cancelling refresh attempt: org.springframework.context.ApplicationContextException: Failed to start bean 'webServerStartStop'"}{"timestamp":"2026-06-14 18:20:40","level":"INFO","logger":"org.springframework.orm.jpa.LocalContainerEntityManagerFactoryBean","message":"Closing JPA EntityManagerFactory for persistence unit 'default'"}{"timestamp":"2026-06-14 18:20:40","level":"INFO","logger":"com.zaxxer.hikari.HikariDataSource","message":"HikariPool-1 - Shutdown initiated..."}{"timestamp":"2026-06-14 18:20:40","level":"INFO","logger":"com.zaxxer.hikari.HikariDataSource","message":"HikariPool-1 - Shutdown completed."}{"timestamp":"2026-06-14 18:20:40","level":"INFO","logger":"org.springframework.boot.autoconfigure.logging.ConditionEvaluationReportLogger","message":"

Error starting ApplicationContext. To display the condition evaluation report re-run your application with 'debug' enabled."}{"timestamp":"2026-06-14 18:20:40","level":"ERROR","logger":"org.springframework.boot.diagnostics.LoggingFailureAnalysisReporter","message":"

***************************
APPLICATION FAILED TO START
***************************

Description:

Web server failed to start. Port 8080 was already in use.

Action:

Identify and stop the process that's listening on port 8080 or configure this application to listen on another port.
"}{"timestamp":"2026-06-14 18:22:37","level":"INFO","logger":"org.springframework.boot.web.embedded.tomcat.GracefulShutdown","message":"Commencing graceful shutdown. Waiting for active requests to complete"}{"timestamp":"2026-06-14 18:22:37","level":"INFO","logger":"org.springframework.boot.web.embedded.tomcat.GracefulShutdown","message":"Graceful shutdown complete"}{"timestamp":"2026-06-14 18:22:37","level":"INFO","logger":"org.springframework.orm.jpa.LocalContainerEntityManagerFactoryBean","message":"Closing JPA EntityManagerFactory for persistence unit 'default'"}{"timestamp":"2026-06-14 18:22:37","level":"INFO","logger":"com.zaxxer.hikari.HikariDataSource","message":"HikariPool-2 - Shutdown initiated..."}{"timestamp":"2026-06-14 18:22:37","level":"INFO","logger":"com.zaxxer.hikari.HikariDataSource","message":"HikariPool-2 - Shutdown completed."}{"timestamp":"2026-06-14 18:22:51","level":"INFO","logger":"org.hibernate.validator.internal.util.Version","message":"HV000001: Hibernate Validator 8.0.2.Final"}{"timestamp":"2026-06-14 18:22:51","level":"INFO","logger":"com.eazybytes.jobportal.JobportalApplication","message":"Starting JobportalApplication using Java 22.0.1 with PID 10080 (C:\Users\Gayatri Chouhan\OneDrive\Desktop\jobportal\jobportal-backend\target\classes started by Gayatri Chouhan in C:\Users\Gayatri Chouhan\OneDrive\Desktop\jobportal\jobportal-backend)"}{"timestamp":"2026-06-14 18:22:51","level":"INFO","logger":"com.eazybytes.jobportal.JobportalApplication","message":"No active profile set, falling back to 1 default profile: "default""}{"timestamp":"2026-06-14 18:22:51","level":"INFO","logger":"org.springframework.boot.devtools.env.DevToolsPropertyDefaultsPostProcessor","message":"Devtools property defaults active! Set 'spring.devtools.add-properties' to 'false' to disable"}{"timestamp":"2026-06-14 18:22:51","level":"INFO","logger":"org.springframework.boot.devtools.env.DevToolsPropertyDefaultsPostProcessor","message":"For additional web related logging consider setting the 'logging.level.web' property to 'DEBUG'"}{"timestamp":"2026-06-14 18:22:54","level":"INFO","logger":"org.springframework.data.repository.config.RepositoryConfigurationDelegate","message":"Bootstrapping Spring Data JPA repositories in DEFAULT mode."}{"timestamp":"2026-06-14 18:22:54","level":"INFO","logger":"org.springframework.data.repository.config.RepositoryConfigurationDelegate","message":"Finished Spring Data repository scanning in 166 ms. Found 4 JPA repository interfaces."}{"timestamp":"2026-06-14 18:22:56","level":"INFO","logger":"org.springframework.boot.web.embedded.tomcat.TomcatWebServer","message":"Tomcat initialized with port 8080 (http)"}{"timestamp":"2026-06-14 18:22:56","level":"INFO","logger":"org.apache.coyote.http11.Http11NioProtocol","message":"Initializing ProtocolHandler ["http-nio-8080"]"}{"timestamp":"2026-06-14 18:22:56","level":"INFO","logger":"org.apache.catalina.core.StandardService","message":"Starting service [Tomcat]"}{"timestamp":"2026-06-14 18:22:56","level":"INFO","logger":"org.apache.catalina.core.StandardEngine","message":"Starting Servlet engine: [Apache Tomcat/10.1.43]"}{"timestamp":"2026-06-14 18:22:56","level":"INFO","logger":"org.apache.catalina.core.ContainerBase.[Tomcat].[localhost].[/]","message":"Initializing Spring embedded WebApplicationContext"}{"timestamp":"2026-06-14 18:22:56","level":"INFO","logger":"org.springframework.boot.web.servlet.context.ServletWebServerApplicationContext","message":"Root WebApplicationContext: initialization completed in 4775 ms"}{"timestamp":"2026-06-14 18:22:56","level":"INFO","logger":"com.zaxxer.hikari.HikariDataSource","message":"HikariPool-1 - Starting..."}{"timestamp":"2026-06-14 18:22:58","level":"INFO","logger":"com.zaxxer.hikari.pool.HikariPool","message":"HikariPool-1 - Added connection com.mysql.cj.jdbc.ConnectionImpl@7601a026"}{"timestamp":"2026-06-14 18:22:58","level":"INFO","logger":"com.zaxxer.hikari.HikariDataSource","message":"HikariPool-1 - Start completed."}{"timestamp":"2026-06-14 18:22:58","level":"INFO","logger":"org.hibernate.jpa.internal.util.LogHelper","message":"HHH000204: Processing PersistenceUnitInfo [name: default]"}{"timestamp":"2026-06-14 18:22:58","level":"INFO","logger":"org.hibernate.Version","message":"HHH000412: Hibernate ORM core version 6.6.22.Final"}{"timestamp":"2026-06-14 18:22:58","level":"INFO","logger":"org.hibernate.cache.internal.RegionFactoryInitiator","message":"HHH000026: Second-level cache disabled"}{"timestamp":"2026-06-14 18:22:59","level":"INFO","logger":"org.springframework.orm.jpa.persistenceunit.SpringPersistenceUnitInfo","message":"No LoadTimeWeaver setup: ignoring JPA class transformer"}{"timestamp":"2026-06-14 18:22:59","level":"INFO","logger":"org.hibernate.orm.connections.pooling","message":"HHH10001005: Database info:
	Database JDBC URL [Connecting through datasource 'HikariDataSource (HikariPool-1)']
	Database driver: undefined/unknown
	Database version: 8.0.40
	Autocommit mode: undefined/unknown
	Isolation level: undefined/unknown
	Minimum pool size: undefined/unknown
	Maximum pool size: undefined/unknown"}{"timestamp":"2026-06-14 18:23:02","level":"INFO","logger":"org.hibernate.engine.transaction.jta.platform.internal.JtaPlatformInitiator","message":"HHH000489: No JTA platform available (set 'hibernate.transaction.jta.platform' to enable JTA platform integration)"}{"timestamp":"2026-06-14 18:23:02","level":"INFO","logger":"org.springframework.orm.jpa.LocalContainerEntityManagerFactoryBean","message":"Initialized JPA EntityManagerFactory for persistence unit 'default'"}{"timestamp":"2026-06-14 18:23:04","level":"WARN","logger":"org.springframework.boot.autoconfigure.orm.jpa.JpaBaseConfiguration$JpaWebConfiguration","message":"spring.jpa.open-in-view is enabled by default. Therefore, database queries may be performed during view rendering. Explicitly configure spring.jpa.open-in-view to disable this warning"}{"timestamp":"2026-06-14 18:23:05","level":"TRACE","logger":"org.springframework.web.servlet.mvc.method.annotation.RequestMappingHandlerMapping","message":"
	c.e.j.a.AuthController:
	{POST [/auth/login/public]}: apiLogin(LoginRequestDto)
	{POST [/auth/register/public]}: registerUser(RegisterRequestDto)"}{"timestamp":"2026-06-14 18:23:05","level":"TRACE","logger":"org.springframework.web.servlet.mvc.method.annotation.RequestMappingHandlerMapping","message":"
	c.e.j.c.c.CompanyController:
	{GET [/companies/public]}: getAllCompanies()"}{"timestamp":"2026-06-14 18:23:05","level":"TRACE","logger":"org.springframework.web.servlet.mvc.method.annotation.RequestMappingHandlerMapping","message":"
	c.e.j.c.c.LoggingController:
	{GET [/logging/public]}: testLogging()"}{"timestamp":"2026-06-14 18:23:05","level":"TRACE","logger":"org.springframework.web.servlet.mvc.method.annotation.RequestMappingHandlerMapping","message":"
	c.e.j.c.c.ContactController:
	{POST [/contacts/public]}: saveContactMsg(ContactRequestDto)"}{"timestamp":"2026-06-14 18:23:05","level":"TRACE","logger":"org.springframework.web.servlet.mvc.method.annotation.RequestMappingHandlerMapping","message":"
	c.e.j.s.ScopeController:
	{GET [/scope/application]}: testApplicationScope()
	{GET [/scope/test]}: testScope()
	{GET [/scope/request]}: testRequestScope()
	{GET [/scope/session]}: testSessionScope()"}{"timestamp":"2026-06-14 18:23:05","level":"TRACE","logger":"org.springframework.web.servlet.mvc.method.annotation.RequestMappingHandlerMapping","message":"
	c.e.j.s.CsrfController:
	{GET [/csrf-token/public]}: csrfToken(HttpServletRequest)"}{"timestamp":"2026-06-14 18:23:05","level":"TRACE","logger":"org.springframework.web.servlet.mvc.method.annotation.RequestMappingHandlerMapping","message":"
	o.s.b.a.w.s.e.BasicErrorController:
	{ [/error]}: error(HttpServletRequest)
	{ [/error], produces [text/html]}: errorHtml(HttpServletRequest,HttpServletResponse)"}{"timestamp":"2026-06-14 18:23:05","level":"TRACE","logger":"org.springframework.web.servlet.mvc.method.annotation.RequestMappingHandlerMapping","message":"
	o.s.w.a.OpenApiWebMvcResource:
	{GET [/v3/api-docs], produces [application/json]}: openapiJson(HttpServletRequest,String,Locale)
	{GET [/v3/api-docs.yaml], produces [application/vnd.oai.openapi]}: openapiYaml(HttpServletRequest,String,Locale)"}{"timestamp":"2026-06-14 18:23:05","level":"TRACE","logger":"org.springframework.web.servlet.mvc.method.annotation.RequestMappingHandlerMapping","message":"
	o.s.w.u.SwaggerWelcomeWebMvc:
	{GET [/swagger-ui.html]}: redirectToUi(HttpServletRequest)"}{"timestamp":"2026-06-14 18:23:05","level":"TRACE","logger":"org.springframework.web.servlet.mvc.method.annotation.RequestMappingHandlerMapping","message":"
	o.s.w.u.SwaggerConfigResource:
	{GET [/v3/api-docs/swagger-config], produces [application/json]}: openapiJson(HttpServletRequest)"}{"timestamp":"2026-06-14 18:23:05","level":"DEBUG","logger":"org.springframework.web.servlet.mvc.method.annotation.RequestMappingHandlerMapping","message":"16 mappings in 'requestMappingHandlerMapping'"}{"timestamp":"2026-06-14 18:23:05","level":"DEBUG","logger":"org.springframework.web.servlet.handler.SimpleUrlHandlerMapping","message":"Patterns [/webjars/**, /**, /swagger-ui*/*swagger-initializer.js, /swagger-ui*/**] in 'resourceHandlerMapping'"}{"timestamp":"2026-06-14 18:23:05","level":"INFO","logger":"org.springframework.security.config.annotation.authentication.configuration.InitializeAuthenticationProviderBeanManagerConfigurer$InitializeAuthenticationProviderManagerConfigurer","message":"Global AuthenticationManager configured with AuthenticationProvider bean with name jobPortalUsernamePwdAuthenticationProvider"}{"timestamp":"2026-06-14 18:23:06","level":"DEBUG","logger":"org.springframework.web.servlet.mvc.method.annotation.RequestMappingHandlerAdapter","message":"ControllerAdvice beans: 0 @ModelAttribute, 0 @InitBinder, 1 RequestBodyAdvice, 1 ResponseBodyAdvice"}{"timestamp":"2026-06-14 18:23:06","level":"DEBUG","logger":"org.springframework.web.servlet.mvc.method.annotation.ExceptionHandlerExceptionResolver","message":"ControllerAdvice beans: 2 @ExceptionHandler, 1 ResponseBodyAdvice"}{"timestamp":"2026-06-14 18:23:07","level":"INFO","logger":"org.springframework.boot.devtools.autoconfigure.OptionalLiveReloadServer","message":"LiveReload server is running on port 35729"}{"timestamp":"2026-06-14 18:23:07","level":"INFO","logger":"org.apache.coyote.http11.Http11NioProtocol","message":"Starting ProtocolHandler ["http-nio-8080"]"}{"timestamp":"2026-06-14 18:23:07","level":"INFO","logger":"org.springframework.boot.web.embedded.tomcat.TomcatWebServer","message":"Tomcat started on port 8080 (http) with context path '/'"}{"timestamp":"2026-06-14 18:23:07","level":"INFO","logger":"com.eazybytes.jobportal.JobportalApplication","message":"Started JobportalApplication in 17.208 seconds (process running for 18.597)"}{"timestamp":"2026-06-14 18:25:58","level":"WARN","logger":"com.zaxxer.hikari.pool.HikariPool","message":"HikariPool-1 - Thread starvation or clock leap detected (housekeeper delta=1m29s920ms115µs200ns)."}{"timestamp":"2026-06-14 18:41:42","level":"INFO","logger":"org.springframework.boot.web.embedded.tomcat.GracefulShutdown","message":"Commencing graceful shutdown. Waiting for active requests to complete"}{"timestamp":"2026-06-14 18:41:42","level":"INFO","logger":"org.springframework.boot.web.embedded.tomcat.GracefulShutdown","message":"Graceful shutdown complete"}{"timestamp":"2026-06-14 18:41:42","level":"INFO","logger":"org.springframework.orm.jpa.LocalContainerEntityManagerFactoryBean","message":"Closing JPA EntityManagerFactory for persistence unit 'default'"}{"timestamp":"2026-06-14 18:41:42","level":"INFO","logger":"com.zaxxer.hikari.HikariDataSource","message":"HikariPool-1 - Shutdown initiated..."}{"timestamp":"2026-06-14 18:41:42","level":"INFO","logger":"com.zaxxer.hikari.HikariDataSource","message":"HikariPool-1 - Shutdown completed."}{"timestamp":"2026-06-14 18:42:26","level":"INFO","logger":"org.hibernate.validator.internal.util.Version","message":"HV000001: Hibernate Validator 8.0.2.Final"}{"timestamp":"2026-06-14 18:42:26","level":"INFO","logger":"com.eazybytes.jobportal.JobportalApplication","message":"Starting JobportalApplication using Java 22.0.1 with PID 1072 (C:\Users\Gayatri Chouhan\OneDrive\Desktop\jobportal\jobportal-backend\target\classes started by Gayatri Chouhan in C:\Users\Gayatri Chouhan\OneDrive\Desktop\jobportal\jobportal-backend)"}{"timestamp":"2026-06-14 18:42:26","level":"INFO","logger":"com.eazybytes.jobportal.JobportalApplication","message":"No active profile set, falling back to 1 default profile: "default""}{"timestamp":"2026-06-14 18:42:26","level":"INFO","logger":"org.springframework.boot.devtools.env.DevToolsPropertyDefaultsPostProcessor","message":"Devtools property defaults active! Set 'spring.devtools.add-properties' to 'false' to disable"}{"timestamp":"2026-06-14 18:42:26","level":"INFO","logger":"org.springframework.boot.devtools.env.DevToolsPropertyDefaultsPostProcessor","message":"For additional web related logging consider setting the 'logging.level.web' property to 'DEBUG'"}{"timestamp":"2026-06-14 18:42:29","level":"INFO","logger":"org.springframework.data.repository.config.RepositoryConfigurationDelegate","message":"Bootstrapping Spring Data JPA repositories in DEFAULT mode."}{"timestamp":"2026-06-14 18:42:29","level":"INFO","logger":"org.springframework.data.repository.config.RepositoryConfigurationDelegate","message":"Finished Spring Data repository scanning in 189 ms. Found 4 JPA repository interfaces."}{"timestamp":"2026-06-14 18:42:31","level":"INFO","logger":"org.springframework.boot.web.embedded.tomcat.TomcatWebServer","message":"Tomcat initialized with port 8080 (http)"}{"timestamp":"2026-06-14 18:42:31","level":"INFO","logger":"org.apache.coyote.http11.Http11NioProtocol","message":"Initializing ProtocolHandler ["http-nio-8080"]"}{"timestamp":"2026-06-14 18:42:31","level":"INFO","logger":"org.apache.catalina.core.StandardService","message":"Starting service [Tomcat]"}{"timestamp":"2026-06-14 18:42:31","level":"INFO","logger":"org.apache.catalina.core.StandardEngine","message":"Starting Servlet engine: [Apache Tomcat/10.1.43]"}{"timestamp":"2026-06-14 18:42:31","level":"INFO","logger":"org.apache.catalina.core.ContainerBase.[Tomcat].[localhost].[/]","message":"Initializing Spring embedded WebApplicationContext"}{"timestamp":"2026-06-14 18:42:31","level":"INFO","logger":"org.springframework.boot.web.servlet.context.ServletWebServerApplicationContext","message":"Root WebApplicationContext: initialization completed in 5055 ms"}{"timestamp":"2026-06-14 18:42:31","level":"INFO","logger":"com.zaxxer.hikari.HikariDataSource","message":"HikariPool-1 - Starting..."}{"timestamp":"2026-06-14 18:42:33","level":"INFO","logger":"com.zaxxer.hikari.pool.HikariPool","message":"HikariPool-1 - Added connection com.mysql.cj.jdbc.ConnectionImpl@5f749594"}{"timestamp":"2026-06-14 18:42:33","level":"INFO","logger":"com.zaxxer.hikari.HikariDataSource","message":"HikariPool-1 - Start completed."}{"timestamp":"2026-06-14 18:42:33","level":"INFO","logger":"org.hibernate.jpa.internal.util.LogHelper","message":"HHH000204: Processing PersistenceUnitInfo [name: default]"}{"timestamp":"2026-06-14 18:42:33","level":"INFO","logger":"org.hibernate.Version","message":"HHH000412: Hibernate ORM core version 6.6.22.Final"}{"timestamp":"2026-06-14 18:42:33","level":"INFO","logger":"org.hibernate.cache.internal.RegionFactoryInitiator","message":"HHH000026: Second-level cache disabled"}{"timestamp":"2026-06-14 18:42:34","level":"INFO","logger":"org.springframework.orm.jpa.persistenceunit.SpringPersistenceUnitInfo","message":"No LoadTimeWeaver setup: ignoring JPA class transformer"}{"timestamp":"2026-06-14 18:42:34","level":"INFO","logger":"org.hibernate.orm.connections.pooling","message":"HHH10001005: Database info:
	Database JDBC URL [Connecting through datasource 'HikariDataSource (HikariPool-1)']
	Database driver: undefined/unknown
	Database version: 8.0.40
	Autocommit mode: undefined/unknown
	Isolation level: undefined/unknown
	Minimum pool size: undefined/unknown
	Maximum pool size: undefined/unknown"}{"timestamp":"2026-06-14 18:42:37","level":"INFO","logger":"org.hibernate.engine.transaction.jta.platform.internal.JtaPlatformInitiator","message":"HHH000489: No JTA platform available (set 'hibernate.transaction.jta.platform' to enable JTA platform integration)"}{"timestamp":"2026-06-14 18:42:37","level":"INFO","logger":"org.springframework.orm.jpa.LocalContainerEntityManagerFactoryBean","message":"Initialized JPA EntityManagerFactory for persistence unit 'default'"}{"timestamp":"2026-06-14 18:42:39","level":"WARN","logger":"org.springframework.boot.autoconfigure.orm.jpa.JpaBaseConfiguration$JpaWebConfiguration","message":"spring.jpa.open-in-view is enabled by default. Therefore, database queries may be performed during view rendering. Explicitly configure spring.jpa.open-in-view to disable this warning"}{"timestamp":"2026-06-14 18:42:39","level":"TRACE","logger":"org.springframework.web.servlet.mvc.method.annotation.RequestMappingHandlerMapping","message":"
	c.e.j.a.AuthController:
	{POST [/auth/register/public]}: registerUser(RegisterRequestDto)
	{POST [/auth/login/public]}: apiLogin(LoginRequestDto)"}{"timestamp":"2026-06-14 18:42:39","level":"TRACE","logger":"org.springframework.web.servlet.mvc.method.annotation.RequestMappingHandlerMapping","message":"
	c.e.j.c.c.CompanyController:
	{GET [/companies/public]}: getAllCompanies()"}{"timestamp":"2026-06-14 18:42:39","level":"TRACE","logger":"org.springframework.web.servlet.mvc.method.annotation.RequestMappingHandlerMapping","message":"
	c.e.j.c.c.LoggingController:
	{GET [/logging/public]}: testLogging()"}{"timestamp":"2026-06-14 18:42:39","level":"TRACE","logger":"org.springframework.web.servlet.mvc.method.annotation.RequestMappingHandlerMapping","message":"
	c.e.j.c.c.ContactController:
	{POST [/contacts/public]}: saveContactMsg(ContactRequestDto)"}{"timestamp":"2026-06-14 18:42:39","level":"TRACE","logger":"org.springframework.web.servlet.mvc.method.annotation.RequestMappingHandlerMapping","message":"
	c.e.j.s.ScopeController:
	{GET [/scope/request]}: testRequestScope()
	{GET [/scope/session]}: testSessionScope()
	{GET [/scope/application]}: testApplicationScope()
	{GET [/scope/test]}: testScope()"}{"timestamp":"2026-06-14 18:42:39","level":"TRACE","logger":"org.springframework.web.servlet.mvc.method.annotation.RequestMappingHandlerMapping","message":"
	c.e.j.s.CsrfController:
	{GET [/csrf-token/public]}: csrfToken(HttpServletRequest)"}{"timestamp":"2026-06-14 18:42:39","level":"TRACE","logger":"org.springframework.web.servlet.mvc.method.annotation.RequestMappingHandlerMapping","message":"
	o.s.b.a.w.s.e.BasicErrorController:
	{ [/error]}: error(HttpServletRequest)
	{ [/error], produces [text/html]}: errorHtml(HttpServletRequest,HttpServletResponse)"}{"timestamp":"2026-06-14 18:42:39","level":"TRACE","logger":"org.springframework.web.servlet.mvc.method.annotation.RequestMappingHandlerMapping","message":"
	o.s.w.a.OpenApiWebMvcResource:
	{GET [/v3/api-docs.yaml], produces [application/vnd.oai.openapi]}: openapiYaml(HttpServletRequest,String,Locale)
	{GET [/v3/api-docs], produces [application/json]}: openapiJson(HttpServletRequest,String,Locale)"}{"timestamp":"2026-06-14 18:42:39","level":"TRACE","logger":"org.springframework.web.servlet.mvc.method.annotation.RequestMappingHandlerMapping","message":"
	o.s.w.u.SwaggerWelcomeWebMvc:
	{GET [/swagger-ui.html]}: redirectToUi(HttpServletRequest)"}{"timestamp":"2026-06-14 18:42:39","level":"TRACE","logger":"org.springframework.web.servlet.mvc.method.annotation.RequestMappingHandlerMapping","message":"
	o.s.w.u.SwaggerConfigResource:
	{GET [/v3/api-docs/swagger-config], produces [application/json]}: openapiJson(HttpServletRequest)"}{"timestamp":"2026-06-14 18:42:39","level":"DEBUG","logger":"org.springframework.web.servlet.mvc.method.annotation.RequestMappingHandlerMapping","message":"16 mappings in 'requestMappingHandlerMapping'"}{"timestamp":"2026-06-14 18:42:40","level":"DEBUG","logger":"org.springframework.web.servlet.handler.SimpleUrlHandlerMapping","message":"Patterns [/webjars/**, /**, /swagger-ui*/*swagger-initializer.js, /swagger-ui*/**] in 'resourceHandlerMapping'"}{"timestamp":"2026-06-14 18:42:40","level":"INFO","logger":"org.springframework.security.config.annotation.authentication.configuration.InitializeAuthenticationProviderBeanManagerConfigurer$InitializeAuthenticationProviderManagerConfigurer","message":"Global AuthenticationManager configured with AuthenticationProvider bean with name jobPortalUsernamePwdAuthenticationProvider"}{"timestamp":"2026-06-14 18:42:40","level":"DEBUG","logger":"org.springframework.web.servlet.mvc.method.annotation.RequestMappingHandlerAdapter","message":"ControllerAdvice beans: 0 @ModelAttribute, 0 @InitBinder, 1 RequestBodyAdvice, 1 ResponseBodyAdvice"}{"timestamp":"2026-06-14 18:42:41","level":"DEBUG","logger":"org.springframework.web.servlet.mvc.method.annotation.ExceptionHandlerExceptionResolver","message":"ControllerAdvice beans: 2 @ExceptionHandler, 1 ResponseBodyAdvice"}{"timestamp":"2026-06-14 18:42:41","level":"INFO","logger":"org.springframework.boot.devtools.autoconfigure.OptionalLiveReloadServer","message":"LiveReload server is running on port 35729"}{"timestamp":"2026-06-14 18:42:41","level":"INFO","logger":"org.apache.coyote.http11.Http11NioProtocol","message":"Starting ProtocolHandler ["http-nio-8080"]"}{"timestamp":"2026-06-14 18:42:41","level":"INFO","logger":"org.springframework.boot.web.embedded.tomcat.TomcatWebServer","message":"Tomcat started on port 8080 (http) with context path '/'"}{"timestamp":"2026-06-14 18:42:41","level":"INFO","logger":"com.eazybytes.jobportal.JobportalApplication","message":"Started JobportalApplication in 16.483 seconds (process running for 18.507)"}{"timestamp":"2026-06-14 18:46:58","level":"INFO","logger":"org.apache.catalina.core.ContainerBase.[Tomcat].[localhost].[/]","message":"Initializing Spring DispatcherServlet 'dispatcherServlet'"}{"timestamp":"2026-06-14 18:46:58","level":"INFO","logger":"org.springframework.web.servlet.DispatcherServlet","message":"Initializing Servlet 'dispatcherServlet'"}{"timestamp":"2026-06-14 18:46:58","level":"DEBUG","logger":"org.springframework.web.servlet.DispatcherServlet","message":"Detected StandardServletMultipartResolver"}{"timestamp":"2026-06-14 18:46:58","level":"DEBUG","logger":"org.springframework.web.servlet.DispatcherServlet","message":"Detected AcceptHeaderLocaleResolver"}{"timestamp":"2026-06-14 18:46:58","level":"DEBUG","logger":"org.springframework.web.servlet.DispatcherServlet","message":"Detected FixedThemeResolver"}{"timestamp":"2026-06-14 18:46:58","level":"DEBUG","logger":"org.springframework.web.servlet.DispatcherServlet","message":"Detected org.springframework.web.servlet.view.DefaultRequestToViewNameTranslator@6444abd7"}{"timestamp":"2026-06-14 18:46:58","level":"DEBUG","logger":"org.springframework.web.servlet.DispatcherServlet","message":"Detected org.springframework.web.servlet.support.SessionFlashMapManager@430269c0"}{"timestamp":"2026-06-14 18:46:58","level":"DEBUG","logger":"org.springframework.web.servlet.DispatcherServlet","message":"enableLoggingRequestDetails='false': request parameters and headers will be masked to prevent unsafe logging of potentially sensitive data"}{"timestamp":"2026-06-14 18:46:58","level":"INFO","logger":"org.springframework.web.servlet.DispatcherServlet","message":"Completed initialization in 8 ms"}{"timestamp":"2026-06-14 18:46:59","level":"DEBUG","logger":"org.springframework.web.servlet.DispatcherServlet","message":"GET "/companies/public", parameters={}"}{"timestamp":"2026-06-14 18:46:59","level":"TRACE","logger":"org.springframework.web.servlet.mvc.method.annotation.RequestMappingHandlerMapping","message":"Mapped to com.eazybytes.jobportal.company.controller.CompanyController#getAllCompanies()"}{"timestamp":"2026-06-14 18:46:59","level":"INFO","logger":"com.eazybytes.jobportal.company.controller.CompanyController","message":"Entering method:getAllCompanies"}{"timestamp":"2026-06-14 18:46:59","level":"INFO","logger":"com.eazybytes.jobportal.company.service.impl.CompanyServiceImpl","message":"Entering method:getAllCompanies"}{"timestamp":"2026-06-14 18:47:00","level":"INFO","logger":"com.eazybytes.jobportal.company.service.impl.CompanyServiceImpl","message":"Existing method:getAllCompanies "}{"timestamp":"2026-06-14 18:47:00","level":"INFO","logger":"com.eazybytes.jobportal.company.controller.CompanyController","message":"Existing method:getAllCompanies"}{"timestamp":"2026-06-14 18:47:00","level":"DEBUG","logger":"org.springframework.web.servlet.mvc.method.annotation.HttpEntityMethodProcessor","message":"Using 'application/vnd.eazyapp+json;v=1.0', given [application/vnd.eazyapp+json;v=1.0] and supported [application/json, application/*+json, application/yaml]"}{"timestamp":"2026-06-14 18:47:00","level":"DEBUG","logger":"org.springframework.web.servlet.mvc.method.annotation.HttpEntityMethodProcessor","message":"Writing [[CompanyDto[id=1, name=TechCorp Inc., logo=/logos/techcorp.png, industry=Technology, size=Large, rat (truncated)...]"}{"timestamp":"2026-06-14 18:47:01","level":"DEBUG","logger":"org.springframework.web.servlet.DispatcherServlet","message":"Completed 200 OK"}